  imp.cpp
E:\TWTN\TWTN\imp.cpp(20,38): warning C4267: “初始化”: 从“size_t”转换到“int”，可能丢失数据
E:\TWTN\TWTN\imp.cpp(23,31): warning C4267: “=”: 从“size_t”转换到“int”，可能丢失数据
E:\TWTN\TWTN\imp.cpp(48,43): warning C4267: “=”: 从“size_t”转换到“int”，可能丢失数据
E:\TWTN\TWTN\imp.cpp(70,30): warning C4267: “初始化”: 从“size_t”转换到“int”，可能丢失数据
E:\TWTN\TWTN\imp.cpp(104,31): warning C4267: “初始化”: 从“size_t”转换到“int”，可能丢失数据
E:\TWTN\TWTN\imp.cpp(106,33): warning C4267: “=”: 从“size_t”转换到“int”，可能丢失数据
E:\TWTN\TWTN\imp.cpp(488,34): warning C4267: “初始化”: 从“size_t”转换到“int”，可能丢失数据
E:\TWTN\TWTN\imp.cpp(738,44): warning C4267: “初始化”: 从“size_t”转换到“int”，可能丢失数据
E:\TWTN\TWTN\imp.cpp(1151,134): warning C4267: “初始化”: 从“size_t”转换到“int”，可能丢失数据
E:\TWTN\TWTN\imp.cpp(1195,140): warning C4267: “初始化”: 从“size_t”转换到“int”，可能丢失数据
E:\TWTN\TWTN\imp.cpp(1774,39): warning C4267: “初始化”: 从“size_t”转换到“int”，可能丢失数据
E:\TWTN\TWTN\imp.cpp(1774,73): warning C4267: “初始化”: 从“size_t”转换到“int”，可能丢失数据
E:\TWTN\TWTN\imp.cpp(1778,43): warning C4267: “初始化”: 从“size_t”转换到“int”，可能丢失数据
E:\TWTN\TWTN\imp.cpp(1788,40): warning C4267: “初始化”: 从“size_t”转换到“int”，可能丢失数据
E:\TWTN\TWTN\imp.cpp(1795,37): warning C4267: “=”: 从“size_t”转换到“int”，可能丢失数据
E:\TWTN\TWTN\imp.cpp(1802,37): warning C4267: “=”: 从“size_t”转换到“int”，可能丢失数据
E:\TWTN\TWTN\imp.cpp(1809,37): warning C4267: “=”: 从“size_t”转换到“int”，可能丢失数据
  main.cpp
  正在生成代码
  9 of 516 functions ( 1.7%) were compiled, the rest were copied from previous compilation.
    0 functions were new in current compilation
    2 functions had inline decision re-evaluated but remain unchanged
  已完成代码的生成
  TWTN.vcxproj -> E:\TWTN\x64\Release\TWTN.exe
